0 info it worked if it ends with ok
1 verbose cli [ '/home/ubuntu/.nvm/versions/node/v4.6.1/bin/node',
1 verbose cli   '/home/ubuntu/.nvm/versions/node/v4.6.1/bin/npm',
1 verbose cli   'i',
1 verbose cli   'mongoose-shortid',
1 verbose cli   '--save' ]
2 info using npm@2.15.9
3 info using node@v4.6.1
4 verbose install initial load of /home/ubuntu/workspace/package.json
5 verbose installManyTop reading scoped package data from /home/ubuntu/workspace/node_modules/angular/package.json
6 verbose installManyTop reading scoped package data from /home/ubuntu/workspace/node_modules/angular-jwt/package.json
7 verbose installManyTop reading scoped package data from /home/ubuntu/workspace/node_modules/bcrypt/package.json
8 verbose installManyTop reading scoped package data from /home/ubuntu/workspace/node_modules/body-parser/package.json
9 verbose installManyTop reading scoped package data from /home/ubuntu/workspace/node_modules/bootbox/package.json
10 verbose installManyTop reading scoped package data from /home/ubuntu/workspace/node_modules/bootstrap/package.json
11 verbose installManyTop reading scoped package data from /home/ubuntu/workspace/node_modules/bootstrap3/package.json
12 verbose installManyTop reading scoped package data from /home/ubuntu/workspace/node_modules/connect-mongo/package.json
13 verbose installManyTop reading scoped package data from /home/ubuntu/workspace/node_modules/cookie-parser/package.json
14 verbose installManyTop reading scoped package data from /home/ubuntu/workspace/node_modules/datatables.net-dt/package.json
15 verbose installManyTop reading scoped package data from /home/ubuntu/workspace/node_modules/debug/package.json
16 verbose installManyTop reading scoped package data from /home/ubuntu/workspace/node_modules/ejs/package.json
17 verbose installManyTop reading scoped package data from /home/ubuntu/workspace/node_modules/ejs-lint/package.json
18 verbose installManyTop reading scoped package data from /home/ubuntu/workspace/node_modules/express/package.json
19 verbose installManyTop reading scoped package data from /home/ubuntu/workspace/node_modules/express-generator/package.json
20 verbose installManyTop reading scoped package data from /home/ubuntu/workspace/node_modules/express-session/package.json
21 verbose installManyTop reading scoped package data from /home/ubuntu/workspace/node_modules/font-awesome/package.json
22 verbose installManyTop reading scoped package data from /home/ubuntu/workspace/node_modules/grunt/package.json
23 verbose installManyTop reading scoped package data from /home/ubuntu/workspace/node_modules/grunt-contrib-clean/package.json
24 verbose installManyTop reading scoped package data from /home/ubuntu/workspace/node_modules/grunt-contrib-concat/package.json
25 verbose installManyTop reading scoped package data from /home/ubuntu/workspace/node_modules/grunt-contrib-cssmin/package.json
26 verbose installManyTop reading scoped package data from /home/ubuntu/workspace/node_modules/grunt-contrib-jshint/package.json
27 verbose installManyTop reading scoped package data from /home/ubuntu/workspace/node_modules/grunt-contrib-uglify/package.json
28 verbose installManyTop reading scoped package data from /home/ubuntu/workspace/node_modules/grunt-contrib-watch/package.json
29 verbose installManyTop reading scoped package data from /home/ubuntu/workspace/node_modules/grunt-init/package.json
30 verbose installManyTop reading scoped package data from /home/ubuntu/workspace/node_modules/jquery/package.json
31 verbose installManyTop reading scoped package data from /home/ubuntu/workspace/node_modules/jshint-stylish/package.json
32 verbose installManyTop reading scoped package data from /home/ubuntu/workspace/node_modules/jsonwebtoken/package.json
33 verbose installManyTop reading scoped package data from /home/ubuntu/workspace/node_modules/material-design-lite/package.json
34 verbose installManyTop reading scoped package data from /home/ubuntu/workspace/node_modules/material-ui/package.json
35 verbose installManyTop reading scoped package data from /home/ubuntu/workspace/node_modules/mongoose/package.json
36 verbose installManyTop reading scoped package data from /home/ubuntu/workspace/node_modules/morgan/package.json
37 verbose installManyTop reading scoped package data from /home/ubuntu/workspace/node_modules/ngstorage/package.json
38 verbose installManyTop reading scoped package data from /home/ubuntu/workspace/node_modules/nodemon/package.json
39 verbose installManyTop reading scoped package data from /home/ubuntu/workspace/node_modules/popper.js/package.json
40 verbose installManyTop reading scoped package data from /home/ubuntu/workspace/node_modules/react/package.json
41 verbose installManyTop reading scoped package data from /home/ubuntu/workspace/node_modules/react-dom/package.json
42 verbose installManyTop reading scoped package data from /home/ubuntu/workspace/node_modules/react-tap-event-plugin/package.json
43 verbose installManyTop reading scoped package data from /home/ubuntu/workspace/node_modules/serve-favicon/package.json
44 verbose installManyTop reading scoped package data from /home/ubuntu/workspace/node_modules/summernote/package.json
45 verbose installManyTop reading scoped package data from /home/ubuntu/workspace/node_modules/@uirouter/angularjs/package.json
46 info package.json grunt-init@0.3.2 No license field.
47 info package.json react-tap-event-plugin@2.0.1 No README data
48 info package.json react-tap-event-plugin@2.0.1 No license field.
49 info package.json ngstorage@0.3.11 No license field.
50 verbose readDependencies loading dependencies from /home/ubuntu/workspace/package.json
51 silly cache add args [ 'mongoose-shortid', null ]
52 verbose cache add spec mongoose-shortid
53 silly cache add parsed spec Result {
53 silly cache add   raw: 'mongoose-shortid',
53 silly cache add   scope: null,
53 silly cache add   name: 'mongoose-shortid',
53 silly cache add   rawSpec: '',
53 silly cache add   spec: 'latest',
53 silly cache add   type: 'tag' }
54 silly addNamed mongoose-shortid@latest
55 verbose addNamed "latest" is being treated as a dist-tag for mongoose-shortid
56 info addNameTag [ 'mongoose-shortid', 'latest' ]
57 silly mapToRegistry name mongoose-shortid
58 silly mapToRegistry using default registry
59 silly mapToRegistry registry https://registry.npmjs.org/
60 silly mapToRegistry data Result {
60 silly mapToRegistry   raw: 'mongoose-shortid',
60 silly mapToRegistry   scope: null,
60 silly mapToRegistry   name: 'mongoose-shortid',
60 silly mapToRegistry   rawSpec: '',
60 silly mapToRegistry   spec: 'latest',
60 silly mapToRegistry   type: 'tag' }
61 silly mapToRegistry uri https://registry.npmjs.org/mongoose-shortid
62 verbose addNameTag registry:https://registry.npmjs.org/mongoose-shortid not in flight; fetching
63 verbose request uri https://registry.npmjs.org/mongoose-shortid
64 verbose request no auth needed
65 info attempt registry request try #1 at 1:57:47 PM
66 verbose request id b625a22e1b01d3d8
67 http request GET https://registry.npmjs.org/mongoose-shortid
68 http 200 https://registry.npmjs.org/mongoose-shortid
69 verbose headers { 'content-type': 'application/json; charset=UTF-8',
69 verbose headers   server: 'UploadServer',
69 verbose headers   'cache-control': 'max-age=300',
69 verbose headers   'last-modified': 'Tue, 4 Oct 2016 15:50:33 GMT',
69 verbose headers   etag: '"57f3cfc9-23df"',
69 verbose headers   'x-npm-region': 'US-Central',
69 verbose headers   'content-encoding': 'gzip',
69 verbose headers   'content-length': '2115',
69 verbose headers   'accept-ranges': 'bytes',
69 verbose headers   date: 'Thu, 22 Feb 2018 13:57:47 GMT',
69 verbose headers   via: '1.1 varnish',
69 verbose headers   age: '0',
69 verbose headers   connection: 'keep-alive',
69 verbose headers   'x-served-by': 'cache-mdw17324-MDW',
69 verbose headers   'x-cache': 'MISS',
69 verbose headers   'x-cache-hits': '0',
69 verbose headers   'x-timer': 'S1519307868.514039,VS0,VE113',
69 verbose headers   vary: 'Accept-Encoding, Accept' }
70 silly get cb [ 200,
70 silly get   { 'content-type': 'application/json; charset=UTF-8',
70 silly get     server: 'UploadServer',
70 silly get     'cache-control': 'max-age=300',
70 silly get     'last-modified': 'Tue, 4 Oct 2016 15:50:33 GMT',
70 silly get     etag: '"57f3cfc9-23df"',
70 silly get     'x-npm-region': 'US-Central',
70 silly get     'content-encoding': 'gzip',
70 silly get     'content-length': '2115',
70 silly get     'accept-ranges': 'bytes',
70 silly get     date: 'Thu, 22 Feb 2018 13:57:47 GMT',
70 silly get     via: '1.1 varnish',
70 silly get     age: '0',
70 silly get     connection: 'keep-alive',
70 silly get     'x-served-by': 'cache-mdw17324-MDW',
70 silly get     'x-cache': 'MISS',
70 silly get     'x-cache-hits': '0',
70 silly get     'x-timer': 'S1519307868.514039,VS0,VE113',
70 silly get     vary: 'Accept-Encoding, Accept' } ]
71 verbose get saving mongoose-shortid to /home/ubuntu/.npm/registry.npmjs.org/mongoose-shortid/.cache.json
72 verbose correctMkdir /home/ubuntu/.npm correctMkdir not in flight; initializing
73 silly addNameTag next cb for mongoose-shortid with tag latest
74 silly addNamed mongoose-shortid@0.4.2
75 verbose addNamed "0.4.2" is a plain semver version for mongoose-shortid
76 silly mapToRegistry name mongoose-shortid
77 silly mapToRegistry using default registry
78 silly mapToRegistry registry https://registry.npmjs.org/
79 silly mapToRegistry data Result {
79 silly mapToRegistry   raw: 'mongoose-shortid',
79 silly mapToRegistry   scope: null,
79 silly mapToRegistry   name: 'mongoose-shortid',
79 silly mapToRegistry   rawSpec: '',
79 silly mapToRegistry   spec: 'latest',
79 silly mapToRegistry   type: 'tag' }
80 silly mapToRegistry uri https://registry.npmjs.org/mongoose-shortid
81 verbose addRemoteTarball https://registry.npmjs.org/mongoose-shortid/-/mongoose-shortid-0.4.2.tgz not in flight; adding
82 verbose addRemoteTarball [ 'https://registry.npmjs.org/mongoose-shortid/-/mongoose-shortid-0.4.2.tgz',
82 verbose addRemoteTarball   '0f51468ebdcca1d30119d3cff533b2f932eeb799' ]
83 info retry fetch attempt 1 at 1:57:47 PM
84 info attempt registry request try #1 at 1:57:47 PM
85 http fetch GET https://registry.npmjs.org/mongoose-shortid/-/mongoose-shortid-0.4.2.tgz
86 http fetch 200 https://registry.npmjs.org/mongoose-shortid/-/mongoose-shortid-0.4.2.tgz
87 silly fetchAndShaCheck shasum 0f51468ebdcca1d30119d3cff533b2f932eeb799
88 verbose addTmpTarball /tmp/npm-15399-77c1330e/registry.npmjs.org/mongoose-shortid/-/mongoose-shortid-0.4.2.tgz not in flight; adding
89 verbose addTmpTarball already have metadata; skipping unpack for mongoose-shortid@0.4.2
90 verbose correctMkdir /home/ubuntu/.npm correctMkdir not in flight; initializing
91 silly cache afterAdd mongoose-shortid@0.4.2
92 verbose afterAdd /home/ubuntu/.npm/mongoose-shortid/0.4.2/package/package.json not in flight; writing
93 verbose correctMkdir /home/ubuntu/.npm correctMkdir not in flight; initializing
94 verbose afterAdd /home/ubuntu/.npm/mongoose-shortid/0.4.2/package/package.json written
95 silly install resolved [ { name: 'mongoose-shortid',
95 silly install resolved     description: 'Short Ids for mongoose',
95 silly install resolved     author: { name: 'Jason Choy', email: 'jjwchoy@gmail.com' },
95 silly install resolved     version: '0.4.2',
95 silly install resolved     contributors: [ [Object], [Object], [Object] ],
95 silly install resolved     main: './index.js',
95 silly install resolved     directories: { lib: '.' },
95 silly install resolved     repository:
95 silly install resolved      { type: 'git',
95 silly install resolved        url: 'https://github.com/jjwchoy/mongoose-shortid' },
95 silly install resolved     keywords: [ 'mongoose' ],
95 silly install resolved     dependencies: { bignum: '~0.6.1' },
95 silly install resolved     peerDependencies: { mongoose: '>= 3.5.0 < 4' },
95 silly install resolved     license: 'MIT',
95 silly install resolved     bugs: { url: 'https://github.com/jjwchoy/mongoose-shortid/issues' },
95 silly install resolved     homepage: 'https://github.com/jjwchoy/mongoose-shortid',
95 silly install resolved     _id: 'mongoose-shortid@0.4.2',
95 silly install resolved     dist:
95 silly install resolved      { shasum: '0f51468ebdcca1d30119d3cff533b2f932eeb799',
95 silly install resolved        tarball: 'https://registry.npmjs.org/mongoose-shortid/-/mongoose-shortid-0.4.2.tgz' },
95 silly install resolved     _from: 'mongoose-shortid@latest',
95 silly install resolved     _npmVersion: '1.4.3',
95 silly install resolved     _npmUser: { name: 'jjwchoy', email: 'jjwchoy@gmail.com' },
95 silly install resolved     maintainers: [ [Object] ],
95 silly install resolved     _shasum: '0f51468ebdcca1d30119d3cff533b2f932eeb799',
95 silly install resolved     _resolved: 'https://registry.npmjs.org/mongoose-shortid/-/mongoose-shortid-0.4.2.tgz' } ]
96 info install mongoose-shortid@0.4.2 into /home/ubuntu/workspace
97 info installOne mongoose-shortid@0.4.2
98 verbose installOne of mongoose-shortid to /home/ubuntu/workspace not in flight; installing
99 verbose correctMkdir /home/ubuntu/.npm/_locks correctMkdir not in flight; initializing
100 verbose lock using /home/ubuntu/.npm/_locks/mongoose-shortid-6a3ae82504404349.lock for /home/ubuntu/workspace/node_modules/mongoose-shortid
101 silly install write writing mongoose-shortid 0.4.2 to /home/ubuntu/workspace/node_modules/mongoose-shortid
102 verbose unbuild node_modules/mongoose-shortid
103 silly gentlyRm /home/ubuntu/workspace/node_modules/mongoose-shortid is being purged from base /home/ubuntu/workspace
104 verbose gentlyRm don't care about contents; nuking /home/ubuntu/workspace/node_modules/mongoose-shortid
105 verbose tar unpack /home/ubuntu/.npm/mongoose-shortid/0.4.2/package.tgz
106 verbose tar unpacking to /home/ubuntu/workspace/node_modules/mongoose-shortid
107 silly gentlyRm /home/ubuntu/workspace/node_modules/mongoose-shortid is being purged
108 verbose gentlyRm don't care about contents; nuking /home/ubuntu/workspace/node_modules/mongoose-shortid
109 silly gunzTarPerm modes [ '755', '644' ]
110 silly gunzTarPerm extractEntry package.json
111 silly gunzTarPerm extractEntry .npmignore
112 silly gunzTarPerm extractEntry README.md
113 silly gunzTarPerm extractEntry LICENSE
114 silly gunzTarPerm extractEntry index.js
115 silly gunzTarPerm extractEntry lib/genid.js
116 silly gunzTarPerm extractEntry lib/index.js
117 silly gunzTarPerm extractEntry lib/shortid.js
118 verbose write writing to /home/ubuntu/workspace/node_modules/mongoose-shortid/package.json
119 info preinstall mongoose-shortid@0.4.2
120 verbose readDependencies loading dependencies from /home/ubuntu/workspace/node_modules/mongoose-shortid/package.json
121 silly prepareForInstallMany adding bignum@~0.6.1 from mongoose-shortid dependencies
122 silly prepareForInstallMany adding mongoose@>= 3.5.0 < 4 from mongoose-shortid peerDependencies
123 warn peerDependencies The peer dependency mongoose@>= 3.5.0 < 4 included from mongoose-shortid will no
124 warn peerDependencies longer be automatically installed to fulfill the peerDependency
125 warn peerDependencies in npm 3+. Your application will need to depend on it explicitly.
126 verbose readDependencies loading dependencies from /home/ubuntu/workspace/node_modules/mongoose-shortid/package.json
127 silly cache add args [ 'bignum@~0.6.1', null ]
128 verbose cache add spec bignum@~0.6.1
129 silly cache add parsed spec Result {
129 silly cache add   raw: 'bignum@~0.6.1',
129 silly cache add   scope: null,
129 silly cache add   name: 'bignum',
129 silly cache add   rawSpec: '~0.6.1',
129 silly cache add   spec: '>=0.6.1 <0.7.0',
129 silly cache add   type: 'range' }
130 silly addNamed bignum@>=0.6.1 <0.7.0
131 verbose addNamed ">=0.6.1 <0.7.0" is a valid semver range for bignum
132 silly addNameRange { name: 'bignum', range: '>=0.6.1 <0.7.0', hasData: false }
133 silly mapToRegistry name bignum
134 silly mapToRegistry using default registry
135 silly mapToRegistry registry https://registry.npmjs.org/
136 silly mapToRegistry data Result {
136 silly mapToRegistry   raw: 'bignum',
136 silly mapToRegistry   scope: null,
136 silly mapToRegistry   name: 'bignum',
136 silly mapToRegistry   rawSpec: '',
136 silly mapToRegistry   spec: 'latest',
136 silly mapToRegistry   type: 'tag' }
137 silly mapToRegistry uri https://registry.npmjs.org/bignum
138 verbose addNameRange registry:https://registry.npmjs.org/bignum not in flight; fetching
139 verbose request uri https://registry.npmjs.org/bignum
140 verbose request no auth needed
141 info attempt registry request try #1 at 1:57:47 PM
142 http request GET https://registry.npmjs.org/bignum
143 http 200 https://registry.npmjs.org/bignum
144 verbose headers { 'content-type': 'application/json; charset=UTF-8',
144 verbose headers   server: 'UploadServer',
144 verbose headers   'cache-control': 'max-age=300',
144 verbose headers   'last-modified': 'Tue, 13 Feb 2018 5:04:04 GMT',
144 verbose headers   etag: '"5a8271c4-a9ab"',
144 verbose headers   'x-npm-region': 'US-Central',
144 verbose headers   'content-encoding': 'gzip',
144 verbose headers   'content-length': '6479',
144 verbose headers   'accept-ranges': 'bytes',
144 verbose headers   date: 'Thu, 22 Feb 2018 13:57:47 GMT',
144 verbose headers   via: '1.1 varnish',
144 verbose headers   age: '0',
144 verbose headers   connection: 'keep-alive',
144 verbose headers   'x-served-by': 'cache-mdw17324-MDW',
144 verbose headers   'x-cache': 'MISS',
144 verbose headers   'x-cache-hits': '0',
144 verbose headers   'x-timer': 'S1519307868.924602,VS0,VE74',
144 verbose headers   vary: 'Accept-Encoding, Accept' }
145 silly get cb [ 200,
145 silly get   { 'content-type': 'application/json; charset=UTF-8',
145 silly get     server: 'UploadServer',
145 silly get     'cache-control': 'max-age=300',
145 silly get     'last-modified': 'Tue, 13 Feb 2018 5:04:04 GMT',
145 silly get     etag: '"5a8271c4-a9ab"',
145 silly get     'x-npm-region': 'US-Central',
145 silly get     'content-encoding': 'gzip',
145 silly get     'content-length': '6479',
145 silly get     'accept-ranges': 'bytes',
145 silly get     date: 'Thu, 22 Feb 2018 13:57:47 GMT',
145 silly get     via: '1.1 varnish',
145 silly get     age: '0',
145 silly get     connection: 'keep-alive',
145 silly get     'x-served-by': 'cache-mdw17324-MDW',
145 silly get     'x-cache': 'MISS',
145 silly get     'x-cache-hits': '0',
145 silly get     'x-timer': 'S1519307868.924602,VS0,VE74',
145 silly get     vary: 'Accept-Encoding, Accept' } ]
146 verbose get saving bignum to /home/ubuntu/.npm/registry.npmjs.org/bignum/.cache.json
147 verbose correctMkdir /home/ubuntu/.npm correctMkdir not in flight; initializing
148 silly addNameRange number 2 { name: 'bignum', range: '>=0.6.1 <0.7.0', hasData: true }
149 silly addNameRange versions [ 'bignum',
149 silly addNameRange   [ '0.4.0',
149 silly addNameRange     '0.4.1',
149 silly addNameRange     '0.5.0',
149 silly addNameRange     '0.5.1',
149 silly addNameRange     '0.5.2',
149 silly addNameRange     '0.5.3',
149 silly addNameRange     '0.5.4',
149 silly addNameRange     '0.6.0',
149 silly addNameRange     '0.6.1',
149 silly addNameRange     '0.6.2',
149 silly addNameRange     '0.7.0',
149 silly addNameRange     '0.8.0',
149 silly addNameRange     '0.9.0',
149 silly addNameRange     '0.9.1',
149 silly addNameRange     '0.9.2',
149 silly addNameRange     '0.9.3',
149 silly addNameRange     '0.10.0',
149 silly addNameRange     '0.10.1',
149 silly addNameRange     '0.10.2',
149 silly addNameRange     '0.11.0',
149 silly addNameRange     '0.12.0',
149 silly addNameRange     '0.12.1',
149 silly addNameRange     '0.12.2',
149 silly addNameRange     '0.12.3',
149 silly addNameRange     '0.12.4',
149 silly addNameRange     '0.12.5' ] ]
150 silly addNamed bignum@0.6.2
151 verbose addNamed "0.6.2" is a plain semver version for bignum
152 silly mapToRegistry name bignum
153 silly mapToRegistry using default registry
154 silly mapToRegistry registry https://registry.npmjs.org/
155 silly mapToRegistry data Result {
155 silly mapToRegistry   raw: 'bignum',
155 silly mapToRegistry   scope: null,
155 silly mapToRegistry   name: 'bignum',
155 silly mapToRegistry   rawSpec: '',
155 silly mapToRegistry   spec: 'latest',
155 silly mapToRegistry   type: 'tag' }
156 silly mapToRegistry uri https://registry.npmjs.org/bignum
157 verbose addRemoteTarball https://registry.npmjs.org/bignum/-/bignum-0.6.2.tgz not in flight; adding
158 verbose addRemoteTarball [ 'https://registry.npmjs.org/bignum/-/bignum-0.6.2.tgz',
158 verbose addRemoteTarball   '73099542d00ac244df3b35744f9ce627dd880505' ]
159 info retry fetch attempt 1 at 1:57:48 PM
160 info attempt registry request try #1 at 1:57:48 PM
161 http fetch GET https://registry.npmjs.org/bignum/-/bignum-0.6.2.tgz
162 http fetch 200 https://registry.npmjs.org/bignum/-/bignum-0.6.2.tgz
163 silly fetchAndShaCheck shasum 73099542d00ac244df3b35744f9ce627dd880505
164 verbose addTmpTarball /tmp/npm-15399-77c1330e/registry.npmjs.org/bignum/-/bignum-0.6.2.tgz not in flight; adding
165 verbose addTmpTarball already have metadata; skipping unpack for bignum@0.6.2
166 verbose correctMkdir /home/ubuntu/.npm correctMkdir not in flight; initializing
167 silly cache afterAdd bignum@0.6.2
168 verbose afterAdd /home/ubuntu/.npm/bignum/0.6.2/package/package.json not in flight; writing
169 verbose correctMkdir /home/ubuntu/.npm correctMkdir not in flight; initializing
170 verbose afterAdd /home/ubuntu/.npm/bignum/0.6.2/package/package.json written
171 silly install resolved [ { name: 'bignum',
171 silly install resolved     version: '0.6.2',
171 silly install resolved     description: 'Arbitrary-precision integer arithmetic using OpenSSL',
171 silly install resolved     main: './index.js',
171 silly install resolved     repository:
171 silly install resolved      { type: 'git',
171 silly install resolved        url: 'http://github.com/justmoon/node-bignum.git' },
171 silly install resolved     keywords:
171 silly install resolved      [ 'openssl',
171 silly install resolved        'big',
171 silly install resolved        'bignum',
171 silly install resolved        'bigint',
171 silly install resolved        'integer',
171 silly install resolved        'arithmetic',
171 silly install resolved        'precision' ],
171 silly install resolved     author:
171 silly install resolved      { name: 'Stefan Thomas',
171 silly install resolved        email: 'justmoon@members.fsf.org',
171 silly install resolved        url: 'http://www.justmoon.net' },
171 silly install resolved     devDependencies: { expresso: '>=0.6.0', binary: '>=0.1.7', put: '>=0.0.5' },
171 silly install resolved     license: 'MIT/X11',
171 silly install resolved     engine: { node: '>=0.8.0' },
171 silly install resolved     scripts: { install: 'node-gyp configure build', test: 'expresso' },
171 silly install resolved     contributors: [ [Object] ],
171 silly install resolved     bugs: { url: 'https://github.com/justmoon/node-bignum/issues' },
171 silly install resolved     _id: 'bignum@0.6.2',
171 silly install resolved     dist:
171 silly install resolved      { shasum: '73099542d00ac244df3b35744f9ce627dd880505',
171 silly install resolved        tarball: 'https://registry.npmjs.org/bignum/-/bignum-0.6.2.tgz' },
171 silly install resolved     _from: 'bignum@>=0.6.1 <0.7.0',
171 silly install resolved     _npmVersion: '1.3.2',
171 silly install resolved     _npmUser: { name: 'justmoon', email: 'justmoon@members.fsf.org' },
171 silly install resolved     maintainers: [ [Object], [Object] ],
171 silly install resolved     directories: {},
171 silly install resolved     _shasum: '73099542d00ac244df3b35744f9ce627dd880505',
171 silly install resolved     _resolved: 'https://registry.npmjs.org/bignum/-/bignum-0.6.2.tgz' } ]
172 info install bignum@0.6.2 into /home/ubuntu/workspace/node_modules/mongoose-shortid
173 info installOne bignum@0.6.2
174 verbose installOne of bignum to /home/ubuntu/workspace/node_modules/mongoose-shortid not in flight; installing
175 verbose correctMkdir /home/ubuntu/.npm/_locks correctMkdir not in flight; initializing
176 verbose lock using /home/ubuntu/.npm/_locks/bignum-ef5e5f1895552550.lock for /home/ubuntu/workspace/node_modules/mongoose-shortid/node_modules/bignum
177 silly install write writing bignum 0.6.2 to /home/ubuntu/workspace/node_modules/mongoose-shortid/node_modules/bignum
178 verbose unbuild node_modules/mongoose-shortid/node_modules/bignum
179 silly gentlyRm /home/ubuntu/workspace/node_modules/mongoose-shortid/node_modules/bignum is being purged from base /home/ubuntu/workspace
180 verbose gentlyRm don't care about contents; nuking /home/ubuntu/workspace/node_modules/mongoose-shortid/node_modules/bignum
181 verbose tar unpack /home/ubuntu/.npm/bignum/0.6.2/package.tgz
182 verbose tar unpacking to /home/ubuntu/workspace/node_modules/mongoose-shortid/node_modules/bignum
183 silly gentlyRm /home/ubuntu/workspace/node_modules/mongoose-shortid/node_modules/bignum is being purged
184 verbose gentlyRm don't care about contents; nuking /home/ubuntu/workspace/node_modules/mongoose-shortid/node_modules/bignum
185 silly gunzTarPerm modes [ '755', '644' ]
186 silly gunzTarPerm extractEntry package.json
187 silly gunzTarPerm extractEntry .npmignore
188 silly gunzTarPerm extractEntry index.js
189 silly gunzTarPerm extractEntry .travis.yml
190 silly gunzTarPerm extractEntry README.markdown
191 silly gunzTarPerm extractEntry bignum.cc
192 silly gunzTarPerm extractEntry binding.gyp
193 silly gunzTarPerm extractEntry examples/gen.js
194 silly gunzTarPerm extractEntry examples/perfect.js
195 silly gunzTarPerm extractEntry examples/simple.js
196 silly gunzTarPerm extractEntry test/big.js
197 silly gunzTarPerm extractEntry test/buf.js
198 silly gunzTarPerm extractEntry test/seed.js
199 verbose write writing to /home/ubuntu/workspace/node_modules/mongoose-shortid/node_modules/bignum/package.json
200 info preinstall bignum@0.6.2
201 verbose readDependencies loading dependencies from /home/ubuntu/workspace/node_modules/mongoose-shortid/node_modules/bignum/package.json
202 verbose readDependencies loading dependencies from /home/ubuntu/workspace/node_modules/mongoose-shortid/node_modules/bignum/package.json
203 silly install resolved []
204 verbose about to build /home/ubuntu/workspace/node_modules/mongoose-shortid/node_modules/bignum
205 info build /home/ubuntu/workspace/node_modules/mongoose-shortid/node_modules/bignum
206 info linkStuff bignum@0.6.2
207 silly linkStuff bignum@0.6.2 has /home/ubuntu/workspace/node_modules/mongoose-shortid/node_modules as its parent node_modules
208 verbose linkBins bignum@0.6.2
209 verbose linkMans bignum@0.6.2
210 verbose rebuildBundles bignum@0.6.2
211 info install bignum@0.6.2
212 verbose unsafe-perm in lifecycle true
213 info bignum@0.6.2 Failed to exec install script
214 verbose unlock done using /home/ubuntu/.npm/_locks/bignum-ef5e5f1895552550.lock for /home/ubuntu/workspace/node_modules/mongoose-shortid/node_modules/bignum
215 verbose about to build /home/ubuntu/workspace/node_modules/mongoose-shortid
216 verbose unlock done using /home/ubuntu/.npm/_locks/mongoose-shortid-6a3ae82504404349.lock for /home/ubuntu/workspace/node_modules/mongoose-shortid
217 verbose stack Error: bignum@0.6.2 install: `node-gyp configure build`
217 verbose stack Exit status 1
217 verbose stack     at EventEmitter.<anonymous> (/home/ubuntu/.nvm/versions/node/v4.6.1/lib/node_modules/npm/lib/utils/lifecycle.js:217:16)
217 verbose stack     at emitTwo (events.js:87:13)
217 verbose stack     at EventEmitter.emit (events.js:172:7)
217 verbose stack     at ChildProcess.<anonymous> (/home/ubuntu/.nvm/versions/node/v4.6.1/lib/node_modules/npm/lib/utils/spawn.js:24:14)
217 verbose stack     at emitTwo (events.js:87:13)
217 verbose stack     at ChildProcess.emit (events.js:172:7)
217 verbose stack     at maybeClose (internal/child_process.js:829:16)
217 verbose stack     at Process.ChildProcess._handle.onexit (internal/child_process.js:211:5)
218 verbose pkgid bignum@0.6.2
219 verbose cwd /home/ubuntu/workspace
220 error Linux 4.9.80-c9
221 error argv "/home/ubuntu/.nvm/versions/node/v4.6.1/bin/node" "/home/ubuntu/.nvm/versions/node/v4.6.1/bin/npm" "i" "mongoose-shortid" "--save"
222 error node v4.6.1
223 error npm  v2.15.9
224 error code ELIFECYCLE
225 error bignum@0.6.2 install: `node-gyp configure build`
225 error Exit status 1
226 error Failed at the bignum@0.6.2 install script 'node-gyp configure build'.
226 error This is most likely a problem with the bignum package,
226 error not with npm itself.
226 error Tell the author that this fails on your system:
226 error     node-gyp configure build
226 error You can get information on how to open an issue for this project with:
226 error     npm bugs bignum
226 error Or if that isn't available, you can get their info via:
226 error
226 error     npm owner ls bignum
226 error There is likely additional logging output above.
227 verbose exit [ 1, true ]
228 verbose unbuild node_modules/mongoose-shortid/node_modules/bignum
229 info preuninstall bignum@0.6.2
230 info uninstall bignum@0.6.2
231 verbose unbuild rmStuff bignum@0.6.2 from /home/ubuntu/workspace/node_modules
232 verbose unbuild rmStuff in /home/ubuntu/workspace/node_modules/mongoose-shortid/node_modules
233 info postuninstall bignum@0.6.2
234 silly gentlyRm /home/ubuntu/workspace/node_modules/mongoose-shortid/node_modules/bignum is being purged from base /home/ubuntu/workspace
235 verbose gentlyRm don't care about contents; nuking /home/ubuntu/workspace/node_modules/mongoose-shortid/node_modules/bignum
236 silly vacuum-fs purging /home/ubuntu/workspace/node_modules/mongoose-shortid/node_modules/bignum
237 silly vacuum-fs removing /home/ubuntu/workspace/node_modules/mongoose-shortid/node_modules
238 silly vacuum-fs quitting because other entries in /home/ubuntu/workspace/node_modules/mongoose-shortid
239 verbose unbuild node_modules/mongoose-shortid
240 info preuninstall mongoose-shortid@0.4.2
241 info uninstall mongoose-shortid@0.4.2
242 verbose unbuild rmStuff mongoose-shortid@0.4.2 from /home/ubuntu/workspace/node_modules
243 info postuninstall mongoose-shortid@0.4.2
244 silly gentlyRm /home/ubuntu/workspace/node_modules/mongoose-shortid is being purged from base /home/ubuntu/workspace
245 verbose gentlyRm don't care about contents; nuking /home/ubuntu/workspace/node_modules/mongoose-shortid
246 silly vacuum-fs purging /home/ubuntu/workspace/node_modules/mongoose-shortid
247 silly vacuum-fs quitting because other entries in /home/ubuntu/workspace/node_modules
